
ROM used:   761/8192 (9%)
            761/8192 (9%) including unused fragments

            0.6 Average locations per line
            5.0 Average locations per statement

RAM used:   7/368 (2%) at main() level
            22/368 (6%) worst case

Stack used: 0 worst case (0 in main + 0 for interrupts)
Stack size: 8

Lines Stmts  %   Files
----- ----- ---  -----
   79    52  34  111.c
    9     0   0  111.h
  661     0   0  ..\..\..\..\Program Files (x86)\PICC\Devices\16F877A.h
  456   100  66  ..\..\..\..\Program Files (x86)\PICC\Drivers\lcd.c
----- -----
 1205   152 Total

Page ROM  %  RAM   Vol Diff  Functions:
---- --- --- ---   --- ----  ----------
0     20   3    1             @delay_ms1
0      8   1    0             @const626
 Inline         3   760  4.5  lcd_read_byte
0     49   6    2   262  3.7  lcd_read_nibble
0     48   6    1   399  2.4  lcd_send_nibble
0     94  12    3   415  3.7  lcd_send_byte
0     61   8    2   704  5.0  lcd_init
0     18   2    4   208  6.3  lcd_gotoxy
0     44   6    1   354  4.7  lcd_putc
0     20   3    1             @delay_ms2
0    141  19    1  1507  3.9  MAIN
0      9   1    0             @const665
0     77  10    4             @PSTRINGC7_645
0      6   1    0             @const667
0     86  11    5             @PSTRINGCN7_645
0     21   3    3             @DIV88
0     55   7    2             @PRINTF_U_645
 Inline         0             @cinit1

Program metrics:
    Functions               8
    Statements              152
    Comments                212
    Volume (V)              6802
    Difficulty (D)          32.5
    Effort to implement (E) 221298
    Time to implement (T)   3 hours, 25 minutes
    Est Delivered Bugs (B)  1
    Cyclomatic Complexity   15
    Maintainability (MI)    137

 Segment     Used  Free
-----------  ----  ----
00000-00003     4  0  
00004-007FF   757  1287  
00800-00FFF     0  2048  
01000-017FF     0  2048  
01800-01FFF     0  2048  



